-------------------------------------------------------------------------------
Test set: br.edu.hub.ActivityControllerTest
-------------------------------------------------------------------------------
Tests run: 5, Failures: 2, Errors: 0, Skipped: 0, Time elapsed: 16.04 s <<< FAILURE! -- in br.edu.hub.ActivityControllerTest
br.edu.hub.ActivityControllerTest.shouldReturn404ForUnknownActivity -- Time elapsed: 0.061 s <<< FAILURE!
java.lang.AssertionError: Status expected:<404> but was:<500>
	at org.springframework.test.util.AssertionErrors.fail(AssertionErrors.java:61)
	at org.springframework.test.util.AssertionErrors.assertEquals(AssertionErrors.java:128)
	at org.springframework.test.web.servlet.result.StatusResultMatchers.lambda$matcher$9(StatusResultMatchers.java:640)
	at org.springframework.test.web.servlet.MockMvc$1.andExpect(MockMvc.java:214)
	at br.edu.hub.ActivityControllerTest.shouldReturn404ForUnknownActivity(ActivityControllerTest.java:64)
	at java.base/java.lang.reflect.Method.invoke(Method.java:580)
	at java.base/java.util.ArrayList.forEach(ArrayList.java:1596)
	at java.base/java.util.ArrayList.forEach(ArrayList.java:1596)

br.edu.hub.ActivityControllerTest.shouldPreventRegistrationWhenActivityIsFull -- Time elapsed: 0.102 s <<< FAILURE!
java.lang.AssertionError: Status expected:<409> but was:<201>
	at org.springframework.test.util.AssertionErrors.fail(AssertionErrors.java:61)
	at org.springframework.test.util.AssertionErrors.assertEquals(AssertionErrors.java:128)
	at org.springframework.test.web.servlet.result.StatusResultMatchers.lambda$matcher$9(StatusResultMatchers.java:640)
	at org.springframework.test.web.servlet.MockMvc$1.andExpect(MockMvc.java:214)
	at br.edu.hub.ActivityControllerTest.shouldPreventRegistrationWhenActivityIsFull(ActivityControllerTest.java:75)
	at java.base/java.lang.reflect.Method.invoke(Method.java:580)
	at java.base/java.util.ArrayList.forEach(ArrayList.java:1596)
	at java.base/java.util.ArrayList.forEach(ArrayList.java:1596)

